<?xml version="1.0" encoding="UTF-8"?>
<!-- Generated by org.testng.reporters.JUnitReportReporter -->
<testsuite skipped="0" hostname="INMAAWN53000190" name="com.restassured.testcases.RestCountriesTest" tests="2" failures="0" timestamp="29 May 2020 04:57:56 GMT" time="7.335" errors="0">
  <testcase name="getCountryDetailsTest" time="4.774" classname="com.restassured.testcases.RestCountriesTest"/>
  <testcase name="getCountryDetailsTest" time="2.561" classname="com.restassured.testcases.RestCountriesTest"/>
</testsuite> <!-- com.restassured.testcases.RestCountriesTest -->
