<?xml version="1.0" encoding="UTF-8"?>
<!-- Generated by org.testng.reporters.JUnitReportReporter -->
<testsuite skipped="0" hostname="INMAAWN53000190" name="com.restassured.testcases.RestCountriesTest" tests="2" failures="0" timestamp="29 May 2020 14:50:30 GMT" time="5.856" errors="0">
  <testcase name="getCountryDetailsTest" time="5.062" classname="com.restassured.testcases.RestCountriesTest"/>
  <testcase name="getCountryDetailsTest" time="0.794" classname="com.restassured.testcases.RestCountriesTest"/>
</testsuite> <!-- com.restassured.testcases.RestCountriesTest -->
