<?xml version="1.0" encoding="UTF-8"?>
<!-- Generated by org.testng.reporters.JUnitReportReporter -->
<testsuite skipped="1" hostname="INMAAWN53000190" name="com.restassured.testcases.BestBuyAPITests" tests="3" failures="0" timestamp="29 May 2020 05:49:09 GMT" time="2.687" errors="0">
  <testcase name="postProductWithPojo" time="2.320" classname="com.restassured.testcases.BestBuyAPITests"/>
  <testcase name="postProductWithoutPOJO" time="0.367" classname="com.restassured.testcases.BestBuyAPITests"/>
  <testcase name="getProducts" classname="com.restassured.testcases.BestBuyAPITests">
    <skipped/>
  </testcase> <!-- getProducts -->
</testsuite> <!-- com.restassured.testcases.BestBuyAPITests -->
