<?xml version="1.0" encoding="UTF-8"?>
<!-- Generated by org.testng.reporters.JUnitReportReporter -->
<testsuite skipped="0" hostname="INMAAWN53000190" name="com.restassured.testcases.BestBuyAPITests" tests="6" failures="0" timestamp="29 May 2020 14:50:30 GMT" time="1.798" errors="0">
  <testcase name="postProductByReadingRequestFromFile" time="0.804" classname="com.restassured.testcases.BestBuyAPITests"/>
  <testcase name="postProductWithPojo" time="0.067" classname="com.restassured.testcases.BestBuyAPITests"/>
  <testcase name="postProductWithoutPOJO" time="0.088" classname="com.restassured.testcases.BestBuyAPITests"/>
  <testcase name="postProductWithPojo" time="0.148" classname="com.restassured.testcases.BestBuyAPITests"/>
  <testcase name="postProductWithoutPOJO" time="0.094" classname="com.restassured.testcases.BestBuyAPITests"/>
  <testcase name="getProducts" time="0.597" classname="com.restassured.testcases.BestBuyAPITests"/>
</testsuite> <!-- com.restassured.testcases.BestBuyAPITests -->
